2025-08-16 14:18:00.635 [INFO] c.n.clinic.NavidentClinicApplication - Starting NavidentClinicApplication using Java 17.0.16 with PID 3036 (D:\navident-dental-clinic\backend\target\classes started by prasa in D:\navident-dental-clinic\backend)
2025-08-16 14:18:00.648 [DEBUG] c.n.clinic.NavidentClinicApplication - Running with Spring Boot v3.2.5, Spring v6.1.6
2025-08-16 14:18:00.650 [INFO] c.n.clinic.NavidentClinicApplication - No active profile set, falling back to 1 default profile: "default"
2025-08-16 14:18:03.135 [INFO] o.s.d.r.c.RepositoryConfigurationDelegate - Bootstrapping Spring Data MongoDB repositories in DEFAULT mode.
2025-08-16 14:18:03.659 [INFO] o.s.d.r.c.RepositoryConfigurationDelegate - Finished Spring Data repository scanning in 475 ms. Found 9 MongoDB repository interfaces.
2025-08-16 14:18:07.705 [INFO] o.s.b.w.e.tomcat.TomcatWebServer - Tomcat initialized with port 8080 (http)
2025-08-16 14:18:07.796 [INFO] o.a.catalina.core.StandardService - Starting service [Tomcat]
2025-08-16 14:18:07.799 [INFO] o.a.catalina.core.StandardEngine - Starting Servlet engine: [Apache Tomcat/10.1.20]
2025-08-16 14:18:08.175 [INFO] o.a.c.c.C.[Tomcat].[localhost].[/] - Initializing Spring embedded WebApplicationContext
2025-08-16 14:18:08.177 [INFO] o.s.b.w.s.c.ServletWebServerApplicationContext - Root WebApplicationContext: initialization completed in 7404 ms
2025-08-16 14:18:08.944 [INFO] org.mongodb.driver.client - MongoClient with metadata {"driver": {"name": "mongo-java-driver|sync|spring-data", "version": "4.11.2"}, "os": {"type": "Windows", "name": "Windows 11", "architecture": "amd64", "version": "10.0"}, "platform": "Java/Azul Systems, Inc./17.0.16+8-LTS"} created with settings MongoClientSettings{readPreference=primary, writeConcern=WriteConcern{w=null, wTimeout=null ms, journal=null}, retryWrites=true, retryReads=true, readConcern=ReadConcern{level=null}, credential=null, transportSettings=null, streamFactoryFactory=null, commandListeners=[], codecRegistry=ProvidersCodecRegistry{codecProviders=[ValueCodecProvider{}, BsonValueCodecProvider{}, DBRefCodecProvider{}, DBObjectCodecProvider{}, DocumentCodecProvider{}, CollectionCodecProvider{}, IterableCodecProvider{}, MapCodecProvider{}, GeoJsonCodecProvider{}, GridFSFileCodecProvider{}, Jsr310CodecProvider{}, JsonObjectCodecProvider{}, BsonCodecProvider{}, EnumCodecProvider{}, com.mongodb.client.model.mql.ExpressionCodecProvider@7c281eb8, com.mongodb.Jep395RecordCodecProvider@65f40689, com.mongodb.KotlinCodecProvider@29be997f]}, loggerSettings=LoggerSettings{maxDocumentLength=1000}, clusterSettings={hosts=[127.0.0.1:27017], srvServiceName=mongodb, mode=SINGLE, requiredClusterType=UNKNOWN, requiredReplicaSetName='null', serverSelector='null', clusterListeners='[]', serverSelectionTimeout='30000 ms', localThreshold='15 ms'}, socketSettings=SocketSettings{connectTimeoutMS=10000, readTimeoutMS=0, receiveBufferSize=0, proxySettings=ProxySettings{host=null, port=null, username=null, password=null}}, heartbeatSocketSettings=SocketSettings{connectTimeoutMS=10000, readTimeoutMS=10000, receiveBufferSize=0, proxySettings=ProxySettings{host=null, port=null, username=null, password=null}}, connectionPoolSettings=ConnectionPoolSettings{maxSize=100, minSize=0, maxWaitTimeMS=120000, maxConnectionLifeTimeMS=0, maxConnectionIdleTimeMS=0, maintenanceInitialDelayMS=0, maintenanceFrequencyMS=60000, connectionPoolListeners=[], maxConnecting=2}, serverSettings=ServerSettings{heartbeatFrequencyMS=10000, minHeartbeatFrequencyMS=500, serverListeners='[]', serverMonitorListeners='[]'}, sslSettings=SslSettings{enabled=false, invalidHostNameAllowed=false, context=null}, applicationName='null', compressorList=[], uuidRepresentation=JAVA_LEGACY, serverApi=null, autoEncryptionSettings=null, dnsClient=null, inetAddressResolver=null, contextProvider=null}
2025-08-16 14:18:09.134 [INFO] org.mongodb.driver.cluster - Monitor thread successfully connected to server with description ServerDescription{address=127.0.0.1:27017, type=STANDALONE, state=CONNECTED, ok=true, minWireVersion=0, maxWireVersion=25, maxDocumentSize=16777216, logicalSessionTimeoutMinutes=30, roundTripTimeNanos=145065300}
2025-08-16 14:18:10.563 [DEBUG] c.n.c.s.JwtAuthenticationFilter - Filter 'jwtAuthenticationFilter' configured for use
2025-08-16 14:18:12.848 [INFO] o.s.s.web.DefaultSecurityFilterChain - Will secure any request with [org.springframework.security.web.session.DisableEncodeUrlFilter@7185e611, org.springframework.security.web.context.request.async.WebAsyncManagerIntegrationFilter@44d43cc9, org.springframework.security.web.context.SecurityContextHolderFilter@18026052, org.springframework.security.web.header.HeaderWriterFilter@11e834ad, org.springframework.web.filter.CorsFilter@384472bf, org.springframework.security.web.authentication.logout.LogoutFilter@559d19c, com.navident.clinic.security.JwtAuthenticationFilter@7a388990, org.springframework.security.web.savedrequest.RequestCacheAwareFilter@6e068ac9, org.springframework.security.web.servletapi.SecurityContextHolderAwareRequestFilter@3d0352, org.springframework.security.web.authentication.AnonymousAuthenticationFilter@656ec00d, org.springframework.security.web.access.ExceptionTranslationFilter@18e4551, org.springframework.security.web.access.intercept.AuthorizationFilter@2262f0d8]
2025-08-16 14:18:13.731 [INFO] o.s.b.w.e.tomcat.TomcatWebServer - Tomcat started on port 8080 (http) with context path ''
2025-08-16 14:18:13.759 [INFO] c.n.clinic.NavidentClinicApplication - Started NavidentClinicApplication in 14.168 seconds (process running for 15.07)
2025-08-16 14:18:14.248 [INFO] c.n.clinic.config.DataInitializer - ?? Admin user already exists and is active: admin
2025-08-16 14:18:14.255 [INFO] c.n.clinic.NavidentClinicApplication - NAVIDENT Dental Clinic Management System started successfully!
2025-08-16 14:20:01.359 [INFO] o.a.c.c.C.[Tomcat].[localhost].[/] - Initializing Spring DispatcherServlet 'dispatcherServlet'
2025-08-16 14:20:01.360 [INFO] o.s.web.servlet.DispatcherServlet - Initializing Servlet 'dispatcherServlet'
2025-08-16 14:20:01.364 [INFO] o.s.web.servlet.DispatcherServlet - Completed initialization in 4 ms
2025-08-16 14:20:01.742 [INFO] c.n.clinic.controller.AuthController - ? Signin attempt for username: admin
2025-08-16 14:20:02.215 [INFO] c.n.clinic.controller.AuthController - ? User 'admin' authenticated successfully
2025-08-16 14:20:02.518 [INFO] c.n.c.c.AppointmentController - Listing today's appointments
2025-08-16 14:21:41.934 [INFO] c.n.clinic.controller.AuthController - ? Signin attempt for username: chief_dentist
2025-08-16 14:21:42.182 [INFO] c.n.clinic.controller.AuthController - ? User 'chief_dentist' authenticated successfully
2025-08-16 14:21:42.450 [INFO] c.n.c.c.AppointmentController - Listing today's appointments
2025-08-16 14:21:55.365 [INFO] c.n.clinic.controller.AuthController - ? Signin attempt for username: printeronly
2025-08-16 14:21:55.568 [INFO] c.n.clinic.controller.AuthController - ? User 'printeronly' authenticated successfully
2025-08-16 14:21:55.713 [INFO] c.n.c.c.AppointmentController - Listing today's appointments
2025-08-16 14:22:22.712 [INFO] c.n.clinic.controller.AuthController - ? Signin attempt for username: chief_dentist
2025-08-16 14:22:22.944 [INFO] c.n.clinic.controller.AuthController - ? User 'chief_dentist' authenticated successfully
2025-08-16 14:22:23.062 [INFO] c.n.c.c.AppointmentController - Listing today's appointments
2025-08-16 16:39:20.973 [INFO] c.n.c.c.AppointmentController - Listing today's appointments
2025-08-16 20:03:44.427 [INFO] c.n.c.c.AppointmentController - Listing today's appointments
2025-08-16 21:31:16.349 [INFO] c.n.c.c.AppointmentController - Listing today's appointments
2025-08-16 21:31:19.888 [INFO] c.n.c.c.AppointmentController - Listing today's appointments
